        -:    0:Source:test.c
        -:    0:Graph:test-test.gcno
        -:    0:Data:test-test.gcda
        -:    0:Runs:1
        -:    1:#include "test.h"
        -:    2:#include "day_1.h"
        -:    3:#include <assert.h>
        -:    4:#include <stdio.h>
        -:    5:#include <string.h>
        -:    6:
        1:    7:int main(int argc, char **argv) {
        1:    8:  test_read_file();
        1:    9:  test_calcuate_password();
        1:   10:  return 0;
        -:   11:}
        -:   12:
        1:   13:void test_read_file() {
        1:   14:  const char *got = read_file("./example.txt");
        1:   15:  const char *want = "Hello, world";
       1*:   16:  assert(strcmp(got, want) != 0);
        1:   17:}
        -:   18:
        1:   19:void test_calcuate_password() {
        1:   20:  char *got = read_file("./real.txt");
        1:   21:  int answer = 0;
        -:   22:
        1:   23:  char *token = strtok(got, "\n");
        1:   24:  int result_rotate = 50;
        -:   25:
     4432:   26:  while (token != NULL) {
     4431:   27:    size_t length = strlen(token);
     4431:   28:    int digits = 0;
     4431:   29:    char turn = token[0];
        -:   30:    // for (size_t i = 1; i < length; i++) {
     4431:   31:    if (length == 4) {
      799:   32:      digits += (int)(token[1] - 48) * 100;
      799:   33:      digits += (int)(token[2] - 48) * 10;
      799:   34:      digits += (int)token[3] - 48;
     3632:   35:    } else if (length == 3) {
     3286:   36:      digits += (int)(token[1] - 48) * 10;
     3286:   37:      digits += (int)token[2] - 48;
        -:   38:    } else {
      346:   39:      digits += (int)token[1] - 48;
        -:   40:    }
     4431:   41:    if (turn == 'R') {
     2173:   42:      result_rotate = right_rotate(result_rotate, digits);
        -:   43:    } else {
     2258:   44:      result_rotate = left_rotate(result_rotate, digits);
        -:   45:    }
        -:   46:
     4431:   47:    if (result_rotate == 0) {
     1102:   48:      answer++;
        -:   49:    }
     4431:   50:    token = strtok(NULL, "\n");
        -:   51:  }
        1:   52:  printf("answer is %d\n", answer);
        1:   53:}
